[2025-06-14 22:28:14,293] INFO ocr.run_ocr:19 - Iniciando OCR para archivo temporal: /tmp/tmpmvu60zm7.jpg
[2025-06-14 22:28:14,410] INFO ocr.run_ocr:19 - Iniciando OCR para archivo temporal: /tmp/tmpm5k8cwfz.jpg
[2025-06-14 22:28:30,907] INFO ocr.run_ocr:19 - Iniciando OCR para archivo temporal: /tmp/tmp5jqsuer3.jpg
[2025-06-14 22:28:38,261] INFO ocr.run_ocr:19 - Iniciando OCR para archivo temporal: /tmp/tmptdna1seh.jpg
[2025-06-14 22:28:46,590] INFO ocr.run_ocr:19 - Iniciando OCR para archivo temporal: /tmp/tmpodhlzmrn.jpg
[2025-06-14 22:29:42,609] INFO ocr.run_ocr:19 - Iniciando OCR para archivo temporal: /tmp/tmpe2nsl4_j.jpg
[2025-06-14 22:38:28,468] INFO ocr.run_ocr:19 - Iniciando OCR para archivo temporal: /tmp/tmpwcsstkmv.jpg
[2025-06-14 22:38:39,116] INFO ocr.run_ocr:19 - Iniciando OCR para archivo temporal: /tmp/tmp9fwdrvvo.jpg
[2025-06-14 22:40:26,290] INFO ocr.run_ocr:19 - Iniciando OCR para archivo temporal: /tmp/tmpyrj0wuf4.jpg
[2025-06-14 22:41:39,217] INFO ocr.run_ocr:19 - Iniciando OCR para archivo temporal: /tmp/tmp602pdqtu.jpg
[2025-06-14 22:42:54,633] INFO ocr.run_ocr:19 - Iniciando OCR para archivo temporal: /tmp/tmpbndtftjg.jpg
[2025-06-14 22:44:33,970] INFO ocr.run_ocr:19 - Iniciando OCR para archivo temporal: /tmp/tmptzyu0vha.jpg
[2025-06-14 22:44:54,524] INFO ocr.run_ocr:19 - Iniciando OCR para archivo temporal: /tmp/tmp_qr55sgj.jpg
[2025-06-14 22:45:36,102] INFO ocr.run_ocr:19 - Iniciando OCR para archivo temporal: /tmp/tmp1obhdn3y.jpg
[2025-06-14 22:46:09,477] INFO ocr.run_ocr:19 - Iniciando OCR para archivo temporal: /tmp/tmpa_euuo5_.jpg
[2025-06-14 23:48:32,621] INFO ocr.run_ocr:19 - Iniciando OCR para archivo temporal: /tmp/tmpeq3nlvj1.jpg
[2025-06-14 23:51:58,555] INFO ocr.run_ocr:19 - Iniciando OCR para archivo temporal: /tmp/tmpxjvt__9d.jpg
[2025-06-15 00:00:36,783] INFO ocr.run_ocr:19 - Iniciando OCR para archivo temporal: /tmp/tmpffjowhi0.jpg
[2025-06-15 00:05:58,142] INFO ocr.run_ocr:19 - Iniciando OCR para archivo temporal: /tmp/tmpsee61zvh.jpg
[2025-06-15 00:07:07,646] INFO ocr.run_ocr:19 - Iniciando OCR para archivo temporal: /tmp/tmpy3ymlmuv.jpg
[2025-06-15 00:08:21,709] INFO ocr.run_ocr:19 - Iniciando OCR para archivo temporal: /tmp/tmphzbnh7ci.jpg
[2025-06-15 00:11:55,392] INFO ocr.run_ocr:19 - Iniciando OCR para archivo temporal: /tmp/tmp3_qiktmc.jpg
